0 info it worked if it ends with ok
1 verbose cli [ 'C:\\Program Files\\nodejs\\node.exe',
1 verbose cli   'C:\\Program Files\\nodejs\\node_modules\\npm\\bin\\npm-cli.js',
1 verbose cli   'start' ]
2 info using npm@3.10.10
3 info using node@v6.10.0
4 verbose run-script [ 'prestart', 'start', 'poststart' ]
5 info lifecycle isell@0.0.0~prestart: isell@0.0.0
6 silly lifecycle isell@0.0.0~prestart: no script for prestart, continuing
7 info lifecycle isell@0.0.0~start: isell@0.0.0
8 verbose lifecycle isell@0.0.0~start: unsafe-perm in lifecycle true
9 verbose lifecycle isell@0.0.0~start: PATH: C:\Program Files\nodejs\node_modules\npm\bin\node-gyp-bin;G:\ITK_projekti\spletne\Project\ST_Project\iSell\node_modules\.bin;C:\oraclexe\app\oracle\product\11.2.0\server\bin;D:\app\oracle\product\12.1.0\dbhome_2\bin;C:\ProgramData\Oracle\Java\javapath;C:\WINDOWS\system32;C:\WINDOWS;C:\WINDOWS\System32\Wbem;C:\WINDOWS\System32\WindowsPowerShell\v1.0\;C:\WINDOWS\system32\config\systemprofile\.dnx\bin;C:\Program Files\Microsoft DNX\Dnvm\;C:\Program Files\Microsoft SQL Server\130\Tools\Binn\;C:\Program Files\TortoiseSVN\bin;C:\Program Files\Microsoft SQL Server\120\Tools\Binn\;C:\Program Files\Git\cmd;C:\Program Files (x86)\Microsoft SQL Server\110\Tools\Binn\;C:\Program Files\Microsoft SQL Server\110\Tools\Binn\;C:\Program Files\Microsoft SQL Server\110\DTS\Binn\;C:\Program Files\nodejs\;C:\xampp\mysql\bin;C:\xampp\php;C:\magento\bin;C:\ProgramData\ComposerSetup\bin;C:\Program Files (x86)\Yarn\bin;C:\Users\jureLaptop\AppData\Roaming\npm;C:\Program Files\nodejs\node_modules\npm\bin;C:\Program Files\LLVM\bin;D:\Android\sdk;C:\Ruby23\bin;C:\Users\jureLaptop\AppData\Local\Programs\Python\Python35-32\Scripts\;C:\Users\jureLaptop\AppData\Local\Programs\Python\Python35-32\;C:\Users\jureLaptop\AppData\Local\Microsoft\WindowsApps;C:\Users\jureLaptop\AppData\Roaming\npm;C:\Program Files (x86)\Microsoft VS Code\bin;C:\Users\jureLaptop\AppData\Local\atom\bin;C:\Users\jureLaptop\AppData\Roaming\Composer\vendor\bin;C:\Users\jureLaptop\AppData\Local\Yarn\.bin;C:\Users\jureLaptop\AppData\Local\Microsoft\WindowsApps;
10 verbose lifecycle isell@0.0.0~start: CWD: G:\ITK_projekti\spletne\Project\ST_Project\iSell
11 silly lifecycle isell@0.0.0~start: Args: [ '/d /s /c', 'node ./bin/www' ]
12 silly lifecycle isell@0.0.0~start: Returned: code: 1  signal: null
13 info lifecycle isell@0.0.0~start: Failed to exec start script
14 verbose stack Error: isell@0.0.0 start: `node ./bin/www`
14 verbose stack Exit status 1
14 verbose stack     at EventEmitter.<anonymous> (C:\Program Files\nodejs\node_modules\npm\lib\utils\lifecycle.js:255:16)
14 verbose stack     at emitTwo (events.js:106:13)
14 verbose stack     at EventEmitter.emit (events.js:191:7)
14 verbose stack     at ChildProcess.<anonymous> (C:\Program Files\nodejs\node_modules\npm\lib\utils\spawn.js:40:14)
14 verbose stack     at emitTwo (events.js:106:13)
14 verbose stack     at ChildProcess.emit (events.js:191:7)
14 verbose stack     at maybeClose (internal/child_process.js:877:16)
14 verbose stack     at Process.ChildProcess._handle.onexit (internal/child_process.js:226:5)
15 verbose pkgid isell@0.0.0
16 verbose cwd G:\ITK_projekti\spletne\Project\ST_Project\iSell
17 error Windows_NT 10.0.15063
18 error argv "C:\\Program Files\\nodejs\\node.exe" "C:\\Program Files\\nodejs\\node_modules\\npm\\bin\\npm-cli.js" "start"
19 error node v6.10.0
20 error npm  v3.10.10
21 error code ELIFECYCLE
22 error isell@0.0.0 start: `node ./bin/www`
22 error Exit status 1
23 error Failed at the isell@0.0.0 start script 'node ./bin/www'.
23 error Make sure you have the latest version of node.js and npm installed.
23 error If you do, this is most likely a problem with the isell package,
23 error not with npm itself.
23 error Tell the author that this fails on your system:
23 error     node ./bin/www
23 error You can get information on how to open an issue for this project with:
23 error     npm bugs isell
23 error Or if that isn't available, you can get their info via:
23 error     npm owner ls isell
23 error There is likely additional logging output above.
24 verbose exit [ 1, true ]
